0 info it worked if it ends with ok
1 verbose cli [ '/usr/local/Cellar/node/6.0.0/bin/node',
1 verbose cli   '/usr/local/bin/npm',
1 verbose cli   'run',
1 verbose cli   'production' ]
2 info using npm@3.8.8
3 info using node@v6.0.0
4 verbose run-script [ 'preproduction', 'production', 'postproduction' ]
5 info lifecycle corporate-portfolio-deploy@1.0.0~preproduction: corporate-portfolio-deploy@1.0.0
6 silly lifecycle corporate-portfolio-deploy@1.0.0~preproduction: no script for preproduction, continuing
7 info lifecycle corporate-portfolio-deploy@1.0.0~production: corporate-portfolio-deploy@1.0.0
8 verbose lifecycle corporate-portfolio-deploy@1.0.0~production: unsafe-perm in lifecycle true
9 verbose lifecycle corporate-portfolio-deploy@1.0.0~production: PATH: /usr/local/lib/node_modules/npm/bin/node-gyp-bin:/Users/Matt/Desktop/corporate-portfolio-deploy/node_modules/.bin:/usr/local/Cellar/node/6.0.0/bin:/Users/Matt/.rbenv/shims:/Users/Matt/.rbenv/bin:/Users/Matt/.rbenv/bin:/usr/local/bin:/usr/bin:/bin:/usr/sbin:/sbin
10 verbose lifecycle corporate-portfolio-deploy@1.0.0~production: CWD: /Users/Matt/Desktop/corporate-portfolio-deploy
11 silly lifecycle corporate-portfolio-deploy@1.0.0~production: Args: [ '-c', 'webpack -p' ]
12 silly lifecycle corporate-portfolio-deploy@1.0.0~production: Returned: code: 1  signal: null
13 info lifecycle corporate-portfolio-deploy@1.0.0~production: Failed to exec production script
14 verbose stack Error: corporate-portfolio-deploy@1.0.0 production: `webpack -p`
14 verbose stack Exit status 1
14 verbose stack     at EventEmitter.<anonymous> (/usr/local/lib/node_modules/npm/lib/utils/lifecycle.js:244:16)
14 verbose stack     at emitTwo (events.js:106:13)
14 verbose stack     at EventEmitter.emit (events.js:191:7)
14 verbose stack     at ChildProcess.<anonymous> (/usr/local/lib/node_modules/npm/lib/utils/spawn.js:24:14)
14 verbose stack     at emitTwo (events.js:106:13)
14 verbose stack     at ChildProcess.emit (events.js:191:7)
14 verbose stack     at maybeClose (internal/child_process.js:850:16)
14 verbose stack     at Process.ChildProcess._handle.onexit (internal/child_process.js:215:5)
15 verbose pkgid corporate-portfolio-deploy@1.0.0
16 verbose cwd /Users/Matt/Desktop/corporate-portfolio-deploy
17 error Darwin 15.2.0
18 error argv "/usr/local/Cellar/node/6.0.0/bin/node" "/usr/local/bin/npm" "run" "production"
19 error node v6.0.0
20 error npm  v3.8.8
21 error code ELIFECYCLE
22 error corporate-portfolio-deploy@1.0.0 production: `webpack -p`
22 error Exit status 1
23 error Failed at the corporate-portfolio-deploy@1.0.0 production script 'webpack -p'.
23 error Make sure you have the latest version of node.js and npm installed.
23 error If you do, this is most likely a problem with the corporate-portfolio-deploy package,
23 error not with npm itself.
23 error Tell the author that this fails on your system:
23 error     webpack -p
23 error You can get information on how to open an issue for this project with:
23 error     npm bugs corporate-portfolio-deploy
23 error Or if that isn't available, you can get their info via:
23 error     npm owner ls corporate-portfolio-deploy
23 error There is likely additional logging output above.
24 verbose exit [ 1, true ]
